#
# There is insufficient memory for the Java Runtime Environment to continue.
# Native memory allocation (mmap) failed to map 268435456 bytes for G1 virtual space
# Possible reasons:
#   The system is out of physical RAM or swap space
#   The process is running with CompressedOops enabled, and the Java Heap may be blocking the growth of the native heap
# Possible solutions:
#   Reduce memory load on the system
#   Increase physical memory or swap space
#   Check if swap backing store is full
#   Decrease Java heap size (-Xmx/-Xms)
#   Decrease number of Java threads
#   Decrease Java thread stack sizes (-Xss)
#   Set larger code cache with -XX:ReservedCodeCacheSize=
#   JVM is running with Unscaled Compressed Oops mode in which the Java heap is
#     placed in the first 4GB address space. The Java Heap base address is the
#     maximum limit for the native heap growth. Please use -XX:HeapBaseMinAddress
#     to set the Java Heap base and to place the Java Heap above 4GB virtual address.
# This output file may be truncated or incomplete.
#
#  Out of Memory Error (os_windows.cpp:3753), pid=14036, tid=6428
#
# JRE version:  (17.0.4+7) (build )
# Java VM: OpenJDK 64-Bit Server VM (17.0.4+7-b469.44, mixed mode, sharing, tiered, compressed oops, compressed class ptrs, g1 gc, windows-amd64)
# No core dump will be written. Minidumps are not enabled by default on client versions of Windows
#

---------------  S U M M A R Y ------------

Command Line: -Xmx512M git4idea.http.GitAskPassApp Username for 'https://github.com': 

Host: AMD Ryzen 5 2600 Six-Core Processor            , 12 cores, 15G,  Windows 10 , 64 bit Build 19041 (10.0.19041.1741)
Time: Tue Nov  8 23:45:19 2022 Russia TZ 4 Standard Time elapsed time: 0.013584 seconds (0d 0h 0m 0s)

---------------  T H R E A D  ---------------

Current thread (0x000001a57b7e5580):  JavaThread "Unknown thread" [_thread_in_vm, id=6428, stack(0x0000002e0f600000,0x0000002e0f700000)]

Stack: [0x0000002e0f600000,0x0000002e0f700000]
Native frames: (J=compiled Java code, j=interpreted, Vv=VM code, C=native code)
V  [jvm.dll+0x68335a]
V  [jvm.dll+0x83f9c4]
V  [jvm.dll+0x84116e]
V  [jvm.dll+0x8417d3]
V  [jvm.dll+0x249405]
V  [jvm.dll+0x680229]
V  [jvm.dll+0x67486a]
V  [jvm.dll+0x3091ab]
V  [jvm.dll+0x310666]
V  [jvm.dll+0x36064e]
V  [jvm.dll+0x36087f]
V  [jvm.dll+0x2df298]
V  [jvm.dll+0x2e0204]
V  [jvm.dll+0x8111b1]
V  [jvm.dll+0x36e4a1]
V  [jvm.dll+0x7f058c]
V  [jvm.dll+0x3f15bf]
V  [jvm.dll+0x3f3101]
C  [jli.dll+0x526b]
C  [ucrtbase.dll+0x21bb2]
C  [KERNEL32.DLL+0x17034]
C  [ntdll.dll+0x52651]


---------------  P R O C E S S  ---------------

Threads class SMR info:
_java_thread_list=0x00007ff9734c7f18, length=0, elements={
}

Java Threads: ( => current thread )

Other Threads:
  0x000001a57b8163c0 GCTaskThread "GC Thread#0" [stack: 0x0000002e0f700000,0x0000002e0f800000] [id=14448]
  0x000001a57b81b300 ConcurrentGCThread "G1 Main Marker" [stack: 0x0000002e0f800000,0x0000002e0f900000] [id=11612]
  0x000001a57b81c4b0 ConcurrentGCThread "G1 Conc#0" [stack: 0x0000002e0f900000,0x0000002e0fa00000] [id=17012]

[error occurred during error reporting (printing all threads), id 0xc0000005, EXCEPTION_ACCESS_VIOLATION (0xc0000005) at pc=0x00007ff972c7fe57]

VM state: not at safepoint (not fully initialized)

VM Mutex/Monitor currently owned by a thread:  ([mutex/lock_event])
[0x000001a57b7e1140] Heap_lock - owner thread: 0x000001a57b7e5580

Heap address: 0x00000000e0000000, size: 512 MB, Compressed Oops mode: 32-bit

CDS archive(s) mapped at: [0x0000000000000000-0x0000000000000000-0x0000000000000000), size 0, SharedBaseAddress: 0x0000000800000000, ArchiveRelocationMode: 0.
Narrow klass base: 0x0000000000000000, Narrow klass shift: 0, Narrow klass range: 0x0

GC Precious Log:
<Empty>

Heap:
 garbage-first heap   total 0K, used 0K [0x00000000e0000000, 0x0000000100000000)
  region size 1024K, 0 young (0K), 0 survivors (0K)

[error occurred during error reporting (printing heap information), id 0xc0000005, EXCEPTION_ACCESS_VIOLATION (0xc0000005) at pc=0x00007ff97306cfe9]

GC Heap History (0 events):
No events

Deoptimization events (0 events):
No events

Classes unloaded (0 events):
No events

Classes redefined (0 events):
No events

Internal exceptions (0 events):
No events

VM Operations (0 events):
No events

Events (1 events):
Event: 0.007 Loaded shared library C:\Users\Kostya\AppData\Local\JetBrains\Toolbox\apps\Rider\ch-0\222.3962.23\jbr\bin\java.dll


Dynamic libraries:
0x00007ff60ce00000 - 0x00007ff60ce0a000 	C:\Users\Kostya\AppData\Local\JetBrains\Toolbox\apps\Rider\ch-0\222.3962.23\jbr\bin\java.exe
0x00007ff9ec550000 - 0x00007ff9ec747000 	C:\WINDOWS\SYSTEM32\ntdll.dll
0x00007ff9ebc80000 - 0x00007ff9ebd3d000 	C:\WINDOWS\System32\KERNEL32.DLL
0x00007ff9ea230000 - 0x00007ff9ea4fd000 	C:\WINDOWS\System32\KERNELBASE.dll
0x00007ff9e9df0000 - 0x00007ff9e9ef0000 	C:\WINDOWS\System32\ucrtbase.dll
0x00007ff9c2270000 - 0x00007ff9c2287000 	C:\Users\Kostya\AppData\Local\JetBrains\Toolbox\apps\Rider\ch-0\222.3962.23\jbr\bin\jli.dll
0x00007ff9bd050000 - 0x00007ff9bd06b000 	C:\Users\Kostya\AppData\Local\JetBrains\Toolbox\apps\Rider\ch-0\222.3962.23\jbr\bin\VCRUNTIME140.dll
0x00007ff9ea7c0000 - 0x00007ff9ea960000 	C:\WINDOWS\System32\USER32.dll
0x00007ff9e9d50000 - 0x00007ff9e9d72000 	C:\WINDOWS\System32\win32u.dll
0x00007ff9ea790000 - 0x00007ff9ea7ba000 	C:\WINDOWS\System32\GDI32.dll
0x00007ff9d0c30000 - 0x00007ff9d0eca000 	C:\WINDOWS\WinSxS\amd64_microsoft.windows.common-controls_6595b64144ccf1df_6.0.19041.1110_none_60b5254171f9507e\COMCTL32.dll
0x00007ff9eb460000 - 0x00007ff9eb4fe000 	C:\WINDOWS\System32\msvcrt.dll
0x00007ff9ea080000 - 0x00007ff9ea18b000 	C:\WINDOWS\System32\gdi32full.dll
0x00007ff9ea190000 - 0x00007ff9ea22d000 	C:\WINDOWS\System32\msvcp_win.dll
0x00007ff9ea5b0000 - 0x00007ff9ea5e0000 	C:\WINDOWS\System32\IMM32.DLL
0x00007ff9b9710000 - 0x00007ff9b971c000 	C:\Users\Kostya\AppData\Local\JetBrains\Toolbox\apps\Rider\ch-0\222.3962.23\jbr\bin\vcruntime140_1.dll
0x00007ff9a4e50000 - 0x00007ff9a4edd000 	C:\Users\Kostya\AppData\Local\JetBrains\Toolbox\apps\Rider\ch-0\222.3962.23\jbr\bin\msvcp140.dll
0x00007ff972990000 - 0x00007ff9735f9000 	C:\Users\Kostya\AppData\Local\JetBrains\Toolbox\apps\Rider\ch-0\222.3962.23\jbr\bin\server\jvm.dll
0x00007ff9eb7d0000 - 0x00007ff9eb87e000 	C:\WINDOWS\System32\ADVAPI32.dll
0x00007ff9ea6f0000 - 0x00007ff9ea78c000 	C:\WINDOWS\System32\sechost.dll
0x00007ff9eaa40000 - 0x00007ff9eab65000 	C:\WINDOWS\System32\RPCRT4.dll
0x00007ff9eb730000 - 0x00007ff9eb738000 	C:\WINDOWS\System32\PSAPI.DLL
0x00007ff9e1570000 - 0x00007ff9e1597000 	C:\WINDOWS\SYSTEM32\WINMM.dll
0x00007ff9e5bd0000 - 0x00007ff9e5bd9000 	C:\WINDOWS\SYSTEM32\WSOCK32.dll
0x00007ff9e1fc0000 - 0x00007ff9e1fca000 	C:\WINDOWS\SYSTEM32\VERSION.dll
0x00007ff9eb500000 - 0x00007ff9eb56b000 	C:\WINDOWS\System32\WS2_32.dll
0x00007ff9e7b90000 - 0x00007ff9e7ba2000 	C:\WINDOWS\SYSTEM32\kernel.appcore.dll
0x00007ff9e5ae0000 - 0x00007ff9e5aea000 	C:\Users\Kostya\AppData\Local\JetBrains\Toolbox\apps\Rider\ch-0\222.3962.23\jbr\bin\jimage.dll
0x00007ff9de5e0000 - 0x00007ff9de7c4000 	C:\WINDOWS\SYSTEM32\DBGHELP.DLL
0x00007ff9de5a0000 - 0x00007ff9de5cc000 	C:\WINDOWS\SYSTEM32\dbgcore.DLL
0x00007ff9e9c70000 - 0x00007ff9e9cf2000 	C:\WINDOWS\System32\bcryptPrimitives.dll
0x00007ff9b55a0000 - 0x00007ff9b55c5000 	C:\Users\Kostya\AppData\Local\JetBrains\Toolbox\apps\Rider\ch-0\222.3962.23\jbr\bin\java.dll

dbghelp: loaded successfully - version: 4.0.5 - missing functions: none
symbol engine: initialized successfully - sym options: 0x614 - pdb path: .;C:\Users\Kostya\AppData\Local\JetBrains\Toolbox\apps\Rider\ch-0\222.3962.23\jbr\bin;C:\WINDOWS\SYSTEM32;C:\WINDOWS\WinSxS\amd64_microsoft.windows.common-controls_6595b64144ccf1df_6.0.19041.1110_none_60b5254171f9507e;C:\Users\Kostya\AppData\Local\JetBrains\Toolbox\apps\Rider\ch-0\222.3962.23\jbr\bin\server

VM Arguments:
jvm_args: -Xmx512M 
java_command: git4idea.http.GitAskPassApp Username for 'https://github.com': 
java_class_path (initial): C:/Users/Kostya/AppData/Local/JetBrains/Toolbox/apps/Rider/ch-0/222.3962.23/plugins/git4idea/lib/git4idea-rt.jar;C:/Users/Kostya/AppData/Local/JetBrains/Toolbox/apps/Rider/ch-0/222.3962.23/lib/externalProcess-rt.jar;C:/Users/Kostya/AppData/Local/JetBrains/Toolbox/apps/Rider/ch-0/222.3962.23/lib/app.jar;C:/Users/Kostya/AppData/Local/JetBrains/Toolbox/apps/Rider/ch-0/222.3962.23/lib/3rd-party-rt.jar
Launcher Type: SUN_STANDARD

[Global flags]
     intx CICompilerCount                          = 4                                         {product} {ergonomic}
     uint ConcGCThreads                            = 3                                         {product} {ergonomic}
     uint G1ConcRefinementThreads                  = 10                                        {product} {ergonomic}
   size_t G1HeapRegionSize                         = 1048576                                   {product} {ergonomic}
    uintx GCDrainStackTargetSize                   = 64                                        {product} {ergonomic}
   size_t InitialHeapSize                          = 268435456                                 {product} {ergonomic}
   size_t MarkStackSize                            = 4194304                                   {product} {ergonomic}
   size_t MaxHeapSize                              = 536870912                                 {product} {command line}
   size_t MinHeapDeltaBytes                        = 1048576                                   {product} {ergonomic}
   size_t MinHeapSize                              = 8388608                                   {product} {ergonomic}
    uintx NonNMethodCodeHeapSize                   = 5839372                                {pd product} {ergonomic}
    uintx NonProfiledCodeHeapSize                  = 122909434                              {pd product} {ergonomic}
    uintx ProfiledCodeHeapSize                     = 122909434                              {pd product} {ergonomic}
    uintx ReservedCodeCacheSize                    = 251658240                              {pd product} {ergonomic}
     bool SegmentedCodeCache                       = true                                      {product} {ergonomic}
   size_t SoftMaxHeapSize                          = 536870912                              {manageable} {ergonomic}
     bool UseCompressedClassPointers               = true                           {product lp64_product} {ergonomic}
     bool UseCompressedOops                        = true                           {product lp64_product} {ergonomic}
     bool UseG1GC                                  = true                                      {product} {ergonomic}
     bool UseLargePagesIndividualAllocation        = false                                  {pd product} {ergonomic}

Logging:
Log output configuration:
 #0: stdout all=warning uptime,level,tags
 #1: stderr all=off uptime,level,tags

Environment Variables:
_JAVA_OPTIONS=-Xmx512M
PATH=C:/Program Files/Git/mingw64/libexec/git-core;C:/Program Files/Git/mingw64/libexec/git-core;C:\Program Files\Git\mingw64\bin;C:\Program Files\Git\usr\bin;C:\Users\Kostya\bin;C:\Program Files (x86)\Microsoft SDKs\Azure\CLI2\wbin;C:\ProgramData\Oracle\Java\javapath;C:\Program Files (x86)\Common Files\Oracle\Java\javapath;C:\Program Files\NVIDIA GPU Computing Toolkit\CUDA\v10.2\bin;C:\Program Files\NVIDIA GPU Computing Toolkit\CUDA\v10.2\libnvvp;C:\Program Files\NVIDIA GPU Computing Toolkit\CUDA\v9.2\bin;C:\Program Files\NVIDIA GPU Computing Toolkit\CUDA\v9.2\libnvvp;C:\Windows\system32;C:\Windows;C:\Windows\System32\Wbem;C:\Windows\System32\WindowsPowerShell\v1.0\;C:\Windows\System32\OpenSSH\;C:\Program Files\NVIDIA Corporation\NVIDIA NvDLISR;C:\Program Files\nodejs\;C:\Program Files\NVIDIA Corporation\Nsight Compute 2019.5.0\;C:\Program Files (x86)\NVIDIA Corporation\PhysX\Common;C:\Program Files\Git\cmd;C:\WINDOWS\system32;C:\WINDOWS;C:\WINDOWS\System32\Wbem;C:\WINDOWS\System32\WindowsPowerShell\v1.0\;C:\WINDOWS\System32\OpenSSH\;C:\Program Files\Microsoft SQL Server\Client SDK\ODBC\170\Tools\Binn\;C:\Program Files (x86)\Microsoft SQL Server\150\Tools\Binn\;C:\Program Files\Microsoft SQL Server\150\Tools\Binn\;C:\Program Files\Microsoft SQL Server\150\DTS\Binn\;C:\Program Files (x86)\Microsoft SQL Server\150\DTS\Binn\;C:\Program Files\Azure Data Studio\bin;C:\Program Files\dotnet\;C:\Users\Kostya\AppData\Local\Programs\Python\Python310\Scripts\;C:\Users\Kostya\AppData\Local\Programs\Python\Python310\;C:\Program Files\MySQL\MySQL Shell 8.0\bin\;C:\Users\Kostya\AppData\Local\Programs\Python\Python38-32\Scripts\;C:\Users\Kostya\AppData\Local\Programs\Python\Python38-32\;C:\Users\Kostya\anaconda3;C:\Users\Kostya\anaconda3\Library\mingw-w64\bin;C:\Users\Kostya\anaconda3\Library\usr\bin;C:\Users\Kostya\anaconda3\Library\bin;C:\Users\Kostya\anaconda3\Scripts;C:\Users\Kostya\AppData\Local\Programs\Python\Python37-32\Scripts\;C:\Users\Kostya\AppData\Local\Programs\Python\P
USERNAME=Kostya
DISPLAY=:0.0
LC_ALL=en_US.UTF-8
TERM=cygwin
TMPDIR=C:\Users\Kostya\AppData\Local\Temp
OS=Windows_NT
PROCESSOR_IDENTIFIER=AMD64 Family 23 Model 8 Stepping 2, AuthenticAMD
TMP=C:\Users\Kostya\AppData\Local\Temp
TEMP=C:\Users\Kostya\AppData\Local\Temp



---------------  S Y S T E M  ---------------

OS:
 Windows 10 , 64 bit Build 19041 (10.0.19041.1741)
OS uptime: 2 days 4:22 hours

CPU: total 12 (initial active 12) (12 cores per cpu, 2 threads per core) family 23 model 8 stepping 2 microcode 0x0, cx8, cmov, fxsr, ht, mmx, 3dnowpref, sse, sse2, sse3, ssse3, sse4a, sse4.1, sse4.2, popcnt, lzcnt, tsc, tscinvbit, avx, avx2, aes, clmul, bmi1, bmi2, adx, sha, fma, vzeroupper, clflush, clflushopt

Memory: 4k page, system-wide physical 16310M (4134M free)
TotalPageFile size 22310M (AvailPageFile size 184M)
current process WorkingSet (physical memory assigned to process): 10M, peak: 10M
current process commit charge ("private bytes"): 63M, peak: 319M

vm_info: OpenJDK 64-Bit Server VM (17.0.4+7-b469.44) for windows-amd64 JRE (17.0.4+7-b469.44), built on 2022-08-12 by "builduser" with MS VC++ 16.10 / 16.11 (VS2019)

END.
